<?xml version="1.0" encoding="UTF-8"?>
<testng-results skipped="1" failed="0" ignored="0" total="1" passed="0">
  <reporter-output>
  </reporter-output>
  <suite name="Default suite" duration-ms="1220" started-at="2022-04-06T09:33:16Z" finished-at="2022-04-06T09:33:17Z">
    <groups>
    </groups>
    <test name="Default test" duration-ms="1220" started-at="2022-04-06T09:33:16Z" finished-at="2022-04-06T09:33:17Z">
      <class name="flightsBooking.FlightBook">
        <test-method status="PASS" signature="congifBS()[pri:0, instance:flightsBooking.FlightBook@56ac3a89]" name="congifBS" is-config="true" duration-ms="24" started-at="2022-04-06T09:33:16Z" finished-at="2022-04-06T09:33:16Z">
          <reporter-output>
          </reporter-output>
        </test-method> <!-- congifBS -->
        <test-method status="PASS" signature="configBC()[pri:0, instance:flightsBooking.FlightBook@56ac3a89]" name="configBC" is-config="true" duration-ms="0" started-at="2022-04-06T09:33:16Z" finished-at="2022-04-06T09:33:16Z">
          <reporter-output>
          </reporter-output>
        </test-method> <!-- configBC -->
        <test-method status="SKIP" signature="bookFlightForDiffLoc(java.lang.String, java.lang.String)[pri:0, instance:flightsBooking.FlightBook@56ac3a89]" name="bookFlightForDiffLoc" duration-ms="0" started-at="2022-04-06T09:33:17Z" data-provider="readingData" finished-at="2022-04-06T09:33:17Z">
          <exception class="java.lang.RuntimeException">
            <message>
              <![CDATA[java.lang.NullPointerException]]>
            </message>
            <full-stacktrace>
              <![CDATA[java.lang.RuntimeException: java.lang.NullPointerException
at org.testng.internal.MethodInvocationHelper.invokeMethodNoCheckedException(MethodInvocationHelper.java:49)
at org.testng.internal.MethodInvocationHelper.invokeDataProvider(MethodInvocationHelper.java:131)
at org.testng.internal.Parameters.handleParameters(Parameters.java:706)
at org.testng.internal.ParameterHandler.handleParameters(ParameterHandler.java:49)
at org.testng.internal.ParameterHandler.createParameters(ParameterHandler.java:37)
at org.testng.internal.Invoker.invokeTestMethods(Invoker.java:924)
at org.testng.internal.TestMethodWorker.invokeTestMethods(TestMethodWorker.java:125)
at org.testng.internal.TestMethodWorker.run(TestMethodWorker.java:109)
at org.testng.TestRunner.privateRun(TestRunner.java:648)
at org.testng.TestRunner.run(TestRunner.java:505)
at org.testng.SuiteRunner.runTest(SuiteRunner.java:455)
at org.testng.SuiteRunner.runSequentially(SuiteRunner.java:450)
at org.testng.SuiteRunner.privateRun(SuiteRunner.java:415)
at org.testng.SuiteRunner.run(SuiteRunner.java:364)
at org.testng.SuiteRunnerWorker.runSuite(SuiteRunnerWorker.java:52)
at org.testng.SuiteRunnerWorker.run(SuiteRunnerWorker.java:84)
at org.testng.TestNG.runSuitesSequentially(TestNG.java:1208)
at org.testng.TestNG.runSuitesLocally(TestNG.java:1137)
at org.testng.TestNG.runSuites(TestNG.java:1049)
at org.testng.TestNG.run(TestNG.java:1017)
at org.testng.remote.AbstractRemoteTestNG.run(AbstractRemoteTestNG.java:114)
at org.testng.remote.RemoteTestNG.initAndRun(RemoteTestNG.java:251)
at org.testng.remote.RemoteTestNG.main(RemoteTestNG.java:77)
Caused by: java.lang.NullPointerException
at flightsBooking.FlightBook.readingData(FlightBook.java:66)
at sun.reflect.NativeMethodAccessorImpl.invoke0(Native Method)
at sun.reflect.NativeMethodAccessorImpl.invoke(Unknown Source)
at sun.reflect.DelegatingMethodAccessorImpl.invoke(Unknown Source)
at java.lang.reflect.Method.invoke(Unknown Source)
at org.testng.internal.MethodInvocationHelper.invokeMethod(MethodInvocationHelper.java:124)
at org.testng.internal.MethodInvocationHelper.invokeMethod(MethodInvocationHelper.java:74)
at org.testng.internal.MethodInvocationHelper.invokeMethodNoCheckedException(MethodInvocationHelper.java:45)
... 22 more
]]>
            </full-stacktrace>
          </exception> <!-- java.lang.RuntimeException -->
          <reporter-output>
          </reporter-output>
        </test-method> <!-- bookFlightForDiffLoc -->
        <test-method status="PASS" signature="configAC()[pri:0, instance:flightsBooking.FlightBook@56ac3a89]" name="configAC" is-config="true" duration-ms="0" started-at="2022-04-06T09:33:17Z" finished-at="2022-04-06T09:33:17Z">
          <reporter-output>
          </reporter-output>
        </test-method> <!-- configAC -->
        <test-method status="PASS" signature="configAS()[pri:0, instance:flightsBooking.FlightBook@56ac3a89]" name="configAS" is-config="true" duration-ms="0" started-at="2022-04-06T09:33:17Z" finished-at="2022-04-06T09:33:17Z">
          <reporter-output>
          </reporter-output>
        </test-method> <!-- configAS -->
      </class> <!-- flightsBooking.FlightBook -->
    </test> <!-- Default test -->
  </suite> <!-- Default suite -->
</testng-results>
